clingo version 5.4.0
Reading from ...xpected_results/expression_instance.lp ...
Solving...
Answer: 1
selgene("EGR1") selgene("SNAI1") selgene("RBL1") selgene("E2F1") selgene("TRBV20OR9-2") selgene("WT1") selgene("JAK3") selgene("DAND5") selgene("EGF") selgene("CD8A")
Optimization: 0
Answer: 2
affinity("E6.13.1379","E5.37.3234") selgene("EGR1") selgene("SNAI1") selgene("ENO1") selgene("CEBPA") selgene("TRBV20OR9-2") selgene("EGFR") selgene("HDAC9") selgene("JAK3") selgene("EGF") selgene("CD8A")
Optimization: -1
Answer: 3
affinity("E6.13.1379","E5.37.3234") affinity("E6.13.1380","E5.37.3237") selgene("EGR1") selgene("SNAI1") selgene("ENO1") selgene("CEBPA") selgene("TRBV20OR9-2") selgene("EGFR") selgene("HDAC9") selgene("JAK3") selgene("EGF") selgene("CD8A")
Optimization: -2
Answer: 4
affinity("E6.13.1379","E6.11.1064") affinity("E6.12.1484","E6.12.1276") affinity("E6.13.1380","E6.12.1288") selgene("EGR1") selgene("SNAI1") selgene("TERT") selgene("CEBPA") selgene("TRBV20OR9-2") selgene("SEMA4A") selgene("EGFR") selgene("HDAC7") selgene("EGF") selgene("CD8A")
Optimization: -3
Answer: 5
affinity("E6.13.1379","E6.11.1064") affinity("E6.12.1484","E6.12.1276") affinity("E6.13.1380","E6.12.1288") affinity("E6.12.1487","E6.12.1290") selgene("EGR1") selgene("SNAI1") selgene("TERT") selgene("CEBPA") selgene("TRBV20OR9-2") selgene("SEMA4A") selgene("EGFR") selgene("HDAC7") selgene("EGF") selgene("CD8A")
Optimization: -4
Answer: 6
affinity("E6.13.1388","E5.13.1767") affinity("E6.11.1070","E5.37.3234") affinity("E6.12.1277","E5.37.3235") affinity("E6.12.1278","E6.1.88") affinity("E6.12.1271","E6.12.1272") selgene("TERT") selgene("TCF4") selgene("SIRT1") selgene("C21orf33") selgene("WT1") selgene("PTGDR2") selgene("HDAC9") selgene("ATF1") selgene("JAK3") selgene("DAND5")
Optimization: -5
Answer: 7
affinity("E6.12.1280","E5.12.1033") affinity("E6.12.1277","E5.13.1767") affinity("E6.11.1070","E5.16.1889") affinity("E6.12.1271","E6.1.88") affinity("E6.14.1403","E6.11.1064") affinity("E6.13.1390","E6.11.1071") selgene("ENO1") selgene("TERT") selgene("C21orf33") selgene("E2F1") selgene("WT1") selgene("PTGDR2") selgene("HDAC9") selgene("ATF1") selgene("JAK3") selgene("DAND5")
Optimization: -6
Answer: 8
affinity("E6.13.1395","E5.13.1767") affinity("E6.13.1398","E5.37.3235") affinity("E6.12.1277","E5.37.3237") affinity("E6.11.1070","E6.1.83") affinity("E6.12.1271","E6.1.88") affinity("E6.13.1392","E6.11.1064") affinity("E6.12.1278","E6.12.1286") selgene("RBL1") selgene("TERT") selgene("RB1") selgene("C21orf33") selgene("WT1") selgene("PTGDR2") selgene("HDAC9") selgene("ATF1") selgene("JAK3") selgene("DAND5")
Optimization: -7
Answer: 9
affinity("E6.13.1395","E5.13.1767") affinity("E6.13.1398","E5.37.3235") affinity("E6.12.1277","E5.37.3237") affinity("E6.11.1070","E6.1.83") affinity("E6.12.1271","E6.1.88") affinity("E6.13.1392","E6.11.1064") affinity("E6.13.1390","E6.11.1071") affinity("E6.12.1278","E6.12.1286") selgene("RBL1") selgene("TERT") selgene("RB1") selgene("C21orf33") selgene("WT1") selgene("PTGDR2") selgene("HDAC9") selgene("ATF1") selgene("JAK3") selgene("DAND5")
Optimization: -8
Answer: 10
affinity("E6.12.1280","E5.12.1033") affinity("E6.13.1388","E5.13.1767") affinity("E6.12.1277","E5.37.3235") affinity("E6.13.1377","E5.37.3237") affinity("E6.13.1399","E6.1.78") affinity("E6.11.1070","E6.1.83") affinity("E6.12.1278","E6.1.88") affinity("E6.13.1390","E6.11.1071") affinity("E6.12.1271","E6.12.1272") selgene("TERT") selgene("TCF4") selgene("C21orf33") selgene("JUN") selgene("WT1") selgene("PTGDR2") selgene("HDAC9") selgene("ATF1") selgene("JAK3") selgene("DAND5")
Optimization: -9
Answer: 11
affinity("E6.13.1379","E5.13.1767") affinity("E6.13.1380","E5.37.3237") affinity("E6.13.1388","E6.1.78") affinity("E6.13.1392","E6.1.80") affinity("E6.12.1484","E6.11.1065") affinity("E6.13.1394","E6.12.1266") affinity("E6.12.1278","E6.12.1275") affinity("E6.13.1396","E6.12.1276") affinity("E6.13.1393","E6.12.1287") affinity("E6.13.1391","E6.12.1288") selgene("EGR1") selgene("SNAI1") selgene("TERT") selgene("CEBPA") selgene("AES") selgene("PCBP4") selgene("HIF1A") selgene("HDAC7") selgene("JAK2") selgene("SKI")
Optimization: -10
Answer: 12
affinity("E6.13.1379","E5.13.1767") affinity("E6.13.1388","E6.1.78") affinity("E6.13.1392","E6.1.80") affinity("E6.13.1399","E6.11.1064") affinity("E6.12.1487","E6.11.1065") affinity("E6.12.1277","E6.11.1076") affinity("E6.13.1383","E6.12.1266") affinity("E6.13.1387","E6.12.1268") affinity("E6.12.1271","E6.12.1275") affinity("E6.13.1396","E6.12.1276") affinity("E6.13.1384","E6.12.1287") selgene("EGR1") selgene("SNAI1") selgene("TERT") selgene("CEBPA") selgene("CALM3") selgene("PCBP4") selgene("SPTLC3") selgene("HDAC7") selgene("NFX1") selgene("STK11")
Optimization: -11
Answer: 13
affinity("E6.12.1277","E5.13.1767") affinity("E6.13.1377","E5.3.55") affinity("E6.13.1399","E5.37.3237") affinity("E6.12.1280","E6.1.72") affinity("E6.13.1388","E6.1.78") affinity("E6.12.1484","E6.11.1065") affinity("E6.13.1390","E6.11.1076") affinity("E6.13.1387","E6.12.1268") affinity("E6.12.1271","E6.12.1272") affinity("E6.12.1278","E6.12.1275") affinity("E6.13.1384","E6.12.1276") affinity("E6.11.1070","E6.12.1287") selgene("SNAI1") selgene("MYB") selgene("IL23R") selgene("CEBPA") selgene("RBPJ") selgene("PCBP4") selgene("HIF1A") selgene("SPTLC3") selgene("HDAC7") selgene("JAK2")
Optimization: -12
Answer: 14
affinity("E6.12.1487","E5.13.1767") affinity("E6.11.1070","E5.3.55") affinity("E6.13.1388","E5.37.3235") affinity("E6.12.1277","E5.37.3237") affinity("E6.13.1390","E6.1.82") affinity("E6.12.1271","E6.1.88") affinity("E6.13.1395","E6.11.1064") affinity("E6.12.1278","E6.11.1065") affinity("E6.12.1484","E6.12.1275") affinity("E6.13.1398","E6.12.1276") affinity("E6.13.1380","E6.12.1286") affinity("E6.13.1383","E6.12.1287") affinity("E6.13.1391","E6.12.1288") selgene("EGR1") selgene("MYB") selgene("TERT") selgene("C21orf33") selgene("KAT2A") selgene("RBPJ") selgene("SEMA4A") selgene("MAX") selgene("NCOR1") selgene("JAK2")
Optimization: -13
SATISFIABLE

TIME LIMIT   : 1
Models       : 14+
  Optimum    : unknown
Optimization : -13
Calls        : 1
Time         : 120.000s (Solving: 119.14s 1st Model: 0.01s Unsat: 0.00s)
CPU Time     : 119.990s
